<?xml version="1.0" encoding="UTF-8"?>
<!-- Generated by org.testng.reporters.JUnitXMLReporter -->
<testsuite ignored="0" hostname="SagarP" failures="0" tests="1" name="Test" time="44.675" errors="0" timestamp="2023-07-03T08:10:31 IST">
  <testcase classname="testClass.TC_101_PolicyBazaar" name="@BeforeMethod loginProcess" time="13.323">
    <failure type="org.openqa.selenium.ElementNotInteractableException" message="element not interactable
  (Session info: chrome=109.0.5414.149)
Build info: version: &amp;apos;4.9.1&amp;apos;, revision: &amp;apos;eb2032df7f&amp;apos;
System info: os.name: &amp;apos;Windows 8.1&amp;apos;, os.arch: &amp;apos;amd64&amp;apos;, os.version: &amp;apos;6.3&amp;apos;, java.version: &amp;apos;17.0.3.1&amp;apos;
Driver info: org.openqa.selenium.chrome.ChromeDriver
Command: [b10594b34c09e92b4933fdb10bef9606, clickElement {id=4d147ae2-22f3-49e9-954b-6a6a1886eea3}]
Capabilities {acceptInsecureCerts: false, browserName: chrome, browserVersion: 109.0.5414.149, chrome: {chromedriverVersion: 109.0.5414.74 (e7c5703604da..., userDataDir: C:\Users\Palya\AppData\Loca...}, goog:chromeOptions: {debuggerAddress: localhost:59164}, networkConnectionEnabled: false, pageLoadStrategy: normal, platformName: windows, proxy: Proxy(), se:cdp: ws://localhost:59164/devtoo..., se:cdpVersion: 109.0.5414.149, setWindowRect: true, strictFileInteractability: false, timeouts: {implicit: 0, pageLoad: 300000, script: 30000}, unhandledPromptBehavior: dismiss and notify, webauthn:extension:credBlob: true, webauthn:extension:largeBlob: true, webauthn:virtualAuthenticators: true}
Element: [[ChromeDriver: chrome on windows (b10594b34c09e92b4933fdb10bef9606)] -&amp;gt; xpath: //span[text()= &amp;apos; My profile &amp;apos;]]
Session ID: b10594b34c09e92b4933fdb10bef9606">
      <![CDATA[org.openqa.selenium.ElementNotInteractableException: element not interactable
  (Session info: chrome=109.0.5414.149)
Build info: version: '4.9.1', revision: 'eb2032df7f'
System info: os.name: 'Windows 8.1', os.arch: 'amd64', os.version: '6.3', java.version: '17.0.3.1'
Driver info: org.openqa.selenium.chrome.ChromeDriver
Command: [b10594b34c09e92b4933fdb10bef9606, clickElement {id=4d147ae2-22f3-49e9-954b-6a6a1886eea3}]
Capabilities {acceptInsecureCerts: false, browserName: chrome, browserVersion: 109.0.5414.149, chrome: {chromedriverVersion: 109.0.5414.74 (e7c5703604da..., userDataDir: C:\Users\Palya\AppData\Loca...}, goog:chromeOptions: {debuggerAddress: localhost:59164}, networkConnectionEnabled: false, pageLoadStrategy: normal, platformName: windows, proxy: Proxy(), se:cdp: ws://localhost:59164/devtoo..., se:cdpVersion: 109.0.5414.149, setWindowRect: true, strictFileInteractability: false, timeouts: {implicit: 0, pageLoad: 300000, script: 30000}, unhandledPromptBehavior: dismiss and notify, webauthn:extension:credBlob: true, webauthn:extension:largeBlob: true, webauthn:virtualAuthenticators: true}
Element: [[ChromeDriver: chrome on windows (b10594b34c09e92b4933fdb10bef9606)] -> xpath: //span[text()= ' My profile ']]
Session ID: b10594b34c09e92b4933fdb10bef9606
at org.openqa.selenium.remote.codec.w3c.W3CHttpResponseCodec.createException(W3CHttpResponseCodec.java:200)
at org.openqa.selenium.remote.codec.w3c.W3CHttpResponseCodec.decode(W3CHttpResponseCodec.java:133)
at org.openqa.selenium.remote.codec.w3c.W3CHttpResponseCodec.decode(W3CHttpResponseCodec.java:53)
at org.openqa.selenium.remote.HttpCommandExecutor.execute(HttpCommandExecutor.java:193)
at org.openqa.selenium.remote.service.DriverCommandExecutor.invokeExecute(DriverCommandExecutor.java:183)
at org.openqa.selenium.remote.service.DriverCommandExecutor.execute(DriverCommandExecutor.java:158)
at org.openqa.selenium.remote.RemoteWebDriver.execute(RemoteWebDriver.java:543)
at org.openqa.selenium.remote.RemoteWebElement.execute(RemoteWebElement.java:257)
at org.openqa.selenium.remote.RemoteWebElement.click(RemoteWebElement.java:78)
at org.openqa.selenium.support.pagefactory.internal.LocatingElementHandler.invoke(LocatingElementHandler.java:52)
at jdk.proxy2/jdk.proxy2.$Proxy18.click(Unknown Source)
at pom.PolicyBazaarLogin.clickOnMyProfileButton(PolicyBazaarLogin.java:69)
at testClass.TC_101_PolicyBazaar.loginProcess(TC_101_PolicyBazaar.java:48)
at java.base/java.util.ArrayList.forEach(ArrayList.java:1511)
... Removed 40 stack frames]]>
    </failure>
  </testcase> <!-- @BeforeMethod loginProcess -->
  <testcase classname="testClass.TC_101_PolicyBazaar" name="@AfterMethod logoutApp" time="0.0">
    <skipped/>
  </testcase> <!-- @AfterMethod logoutApp -->
  <testcase classname="testClass.TC_101_PolicyBazaar" name="@AfterClass CloseBrow" time="0.0">
    <skipped/>
  </testcase> <!-- @AfterClass CloseBrow -->
  <testcase classname="testClass.TC_101_PolicyBazaar" name="verifyUN" time="0.0">
    <skipped/>
  </testcase> <!-- verifyUN -->
</testsuite> <!-- Test -->
